2016/01/14 13:05:58 INFO  - jmeter.util.JMeterUtils: Setting Locale to es_ES 
2016/01/14 13:05:58 INFO  - jmeter.util.JMeterUtils: Could not find resources for 'es_ES', using 'es' 
2016/01/14 13:05:58 INFO  - jmeter.JMeter: Loading user properties from: /home/alejandrogamez/druid-kafka/monitorizacion/project/jmeter/apache-jmeter-2.13/bin/user.properties 
2016/01/14 13:05:58 INFO  - jmeter.JMeter: Loading system properties from: /home/alejandrogamez/druid-kafka/monitorizacion/project/jmeter/apache-jmeter-2.13/bin/system.properties 
2016/01/14 13:05:58 INFO  - jmeter.JMeter: Copyright (c) 1998-2015 The Apache Software Foundation 
2016/01/14 13:05:58 INFO  - jmeter.JMeter: Version 2.13 r1665067 
2016/01/14 13:05:58 INFO  - jmeter.JMeter: java.version=1.8.0_60 
2016/01/14 13:05:58 INFO  - jmeter.JMeter: java.vm.name=Java HotSpot(TM) 64-Bit Server VM 
2016/01/14 13:05:58 INFO  - jmeter.JMeter: os.name=Linux 
2016/01/14 13:05:58 INFO  - jmeter.JMeter: os.arch=amd64 
2016/01/14 13:05:58 INFO  - jmeter.JMeter: os.version=3.13.0-63-generic 
2016/01/14 13:05:58 INFO  - jmeter.JMeter: file.encoding=UTF-8 
2016/01/14 13:05:58 INFO  - jmeter.JMeter: Default Locale=espa単ol (Espa単a) 
2016/01/14 13:05:58 INFO  - jmeter.JMeter: JMeter  Locale=espa単ol (Espa単a) 
2016/01/14 13:05:58 INFO  - jmeter.JMeter: JMeterHome=/home/alejandrogamez/druid-kafka/monitorizacion/project/jmeter/apache-jmeter-2.13 
2016/01/14 13:05:58 INFO  - jmeter.JMeter: user.dir  =/home/alejandrogamez/druid-kafka/monitorizacion/project/jmeter/apache-jmeter-2.13 
2016/01/14 13:05:58 INFO  - jmeter.JMeter: PWD       =/home/alejandrogamez/druid-kafka/monitorizacion/project/jmeter/apache-jmeter-2.13 
2016/01/14 13:05:58 INFO  - jmeter.JMeter: IP: 127.0.0.1 Name: localhost FullName: localhost 
2016/01/14 13:05:58 INFO  - jmeter.gui.action.LookAndFeelCommand: Using look and feel: javax.swing.plaf.metal.MetalLookAndFeel [Metal, CrossPlatform] 
2016/01/14 13:05:58 INFO  - jmeter.JMeter: Loaded icon properties from org/apache/jmeter/images/icon.properties 
2016/01/14 13:06:00 INFO  - jmeter.engine.util.CompoundVariable: Note: Function class names must contain the string: '.functions.' 
2016/01/14 13:06:00 INFO  - jmeter.engine.util.CompoundVariable: Note: Function class names must not contain the string: '.gui.' 
2016/01/14 13:06:01 INFO  - jmeter.util.BSFTestElement: Registering JMeter version of JavaScript engine as work-round for BSF-22 
2016/01/14 13:06:01 INFO  - jmeter.protocol.http.sampler.HTTPSamplerBase: Cannot find .className property for htmlParser, using default 
2016/01/14 13:06:01 INFO  - jmeter.protocol.http.sampler.HTTPSamplerBase: Parser for text/html is  
2016/01/14 13:06:01 INFO  - jmeter.protocol.http.sampler.HTTPSamplerBase: Parser for application/xhtml+xml is  
2016/01/14 13:06:01 INFO  - jmeter.protocol.http.sampler.HTTPSamplerBase: Parser for application/xml is  
2016/01/14 13:06:01 INFO  - jmeter.protocol.http.sampler.HTTPSamplerBase: Parser for text/xml is  
2016/01/14 13:06:01 INFO  - jmeter.protocol.http.sampler.HTTPSamplerBase: Parser for text/vnd.wap.wml is org.apache.jmeter.protocol.http.parser.RegexpHTMLParser 
2016/01/14 13:06:01 INFO  - jmeter.gui.util.MenuFactory: Skipping org.apache.jmeter.protocol.http.control.gui.WebServiceSamplerGui 
2016/01/14 13:06:01 INFO  - jmeter.gui.util.MenuFactory: Skipping org.apache.jmeter.protocol.http.modifier.gui.ParamModifierGui 
2016/01/14 13:06:02 INFO  - jorphan.exec.KeyToolUtils: keytool found at 'keytool' 
2016/01/14 13:06:02 INFO  - jmeter.protocol.http.proxy.ProxyControl: HTTP(S) Test Script Recorder SSL Proxy will use keys that support embedded 3rd party resources in file /home/alejandrogamez/druid-kafka/monitorizacion/project/jmeter/apache-jmeter-2.13/bin/proxyserver.jks 
2016/01/14 13:06:02 INFO  - jmeter.samplers.SampleResult: Note: Sample TimeStamps are START times 
2016/01/14 13:06:02 INFO  - jmeter.samplers.SampleResult: sampleresult.default.encoding is set to ISO-8859-1 
2016/01/14 13:06:02 INFO  - jmeter.samplers.SampleResult: sampleresult.useNanoTime=true 
2016/01/14 13:06:02 INFO  - jmeter.samplers.SampleResult: sampleresult.nanoThreadSleep=5000 
2016/01/14 13:06:06 INFO  - jmeter.services.FileServer: Default base='/home/alejandrogamez/druid-kafka/monitorizacion/project/jmeter/apache-jmeter-2.13' 
2016/01/14 13:06:06 INFO  - jmeter.gui.action.Load: Loading file: /home/alejandrogamez/project/jmeter/apache-jmeter-2.13/kafka.jmx 
2016/01/14 13:06:06 INFO  - jmeter.services.FileServer: Set new base='/home/alejandrogamez/project/jmeter/apache-jmeter-2.13' 
2016/01/14 13:06:07 INFO  - jmeter.save.SaveService: Testplan (JMX) version: 2.2. Testlog (JTL) version: 2.2 
2016/01/14 13:06:07 INFO  - jmeter.save.SaveService: Using SaveService properties file encoding UTF-8 
2016/01/14 13:06:07 INFO  - jmeter.save.SaveService: Using SaveService properties file version 1656252 
2016/01/14 13:06:07 INFO  - jmeter.save.SaveService: Using SaveService properties version 2.8 
2016/01/14 13:06:07 INFO  - jmeter.save.SaveService: All converter versions present and correct 
2016/01/14 13:06:07 INFO  - jmeter.save.SaveService: Loading file: /home/alejandrogamez/project/jmeter/apache-jmeter-2.13/kafka.jmx 
2016/01/14 13:06:07 INFO  - jmeter.services.FileServer: Set new base='/home/alejandrogamez/project/jmeter/apache-jmeter-2.13' 
2016/01/14 13:06:30 INFO  - jmeter.engine.StandardJMeterEngine: Listeners will be started after enabling running version 
2016/01/14 13:06:30 INFO  - jmeter.engine.StandardJMeterEngine: To revert to the earlier behaviour, define jmeterengine.startlistenerslater=false 
2016/01/14 13:06:30 INFO  - jmeter.engine.StandardJMeterEngine: Running the test! 
2016/01/14 13:06:30 INFO  - jmeter.samplers.SampleEvent: List of sample_variables: [] 
2016/01/14 13:06:30 INFO  - jmeter.samplers.SampleEvent: List of sample_variables: [] 
2016/01/14 13:06:30 INFO  - jmeter.protocol.java.sampler.JavaSampler: Created class: co.signal.kafkameter.KafkaProducerSampler. Uses tearDownTest: true 
2016/01/14 13:06:30 INFO  - jmeter.gui.util.JMeterMenuBar: setRunning(true,*local*) 
2016/01/14 13:06:30 INFO  - jmeter.engine.StandardJMeterEngine: Starting ThreadGroup: 1 : Grupo de Hilos 
2016/01/14 13:06:30 INFO  - jmeter.engine.StandardJMeterEngine: Starting 500 threads for group Grupo de Hilos. 
2016/01/14 13:06:30 INFO  - jmeter.engine.StandardJMeterEngine: Thread will continue on error 
2016/01/14 13:06:30 INFO  - jmeter.threads.ThreadGroup: Starting thread group number 1 threads 500 ramp-up 0 perThread 0.0 delayedStart=false 
2016/01/14 13:06:30 INFO  - jmeter.threads.JMeterThread: jmeterthread.startearlier=true (see jmeter.properties) 
2016/01/14 13:06:30 INFO  - jmeter.threads.JMeterThread: Running PostProcessors in forward order 
2016/01/14 13:06:30 INFO  - jmeter.threads.JMeterThread: Thread started: Grupo de Hilos 1-1 
2016/01/14 13:06:30 INFO  - jmeter.threads.JMeterThread: Thread started: Grupo de Hilos 1-2 
2016/01/14 13:06:31 INFO  - jmeter.threads.JMeterThread: Thread started: Grupo de Hilos 1-3 
2016/01/14 13:06:31 INFO  - jmeter.threads.JMeterThread: Thread started: Grupo de Hilos 1-4 
2016/01/14 13:06:31 INFO  - jmeter.threads.JMeterThread: Thread started: Grupo de Hilos 1-5 
2016/01/14 13:06:31 INFO  - jmeter.threads.JMeterThread: Thread started: Grupo de Hilos 1-6 
2016/01/14 13:06:31 INFO  - jmeter.threads.JMeterThread: Thread started: Grupo de Hilos 1-7 
2016/01/14 13:06:31 INFO  - jmeter.threads.JMeterThread: Thread started: Grupo de Hilos 1-8 
2016/01/14 13:06:31 INFO  - jmeter.threads.JMeterThread: Thread started: Grupo de Hilos 1-9 
2016/01/14 13:06:31 INFO  - jmeter.threads.JMeterThread: Thread started: Grupo de Hilos 1-10 
2016/01/14 13:06:31 INFO  - jmeter.threads.JMeterThread: Thread started: Grupo de Hilos 1-11 
2016/01/14 13:06:31 INFO  - jmeter.threads.JMeterThread: Thread started: Grupo de Hilos 1-12 
2016/01/14 13:06:31 INFO  - jmeter.threads.JMeterThread: Thread started: Grupo de Hilos 1-13 
2016/01/14 13:06:31 INFO  - jmeter.threads.JMeterThread: Thread started: Grupo de Hilos 1-14 
2016/01/14 13:06:31 INFO  - jmeter.threads.JMeterThread: Thread started: Grupo de Hilos 1-15 
2016/01/14 13:06:31 INFO  - jmeter.threads.JMeterThread: Thread started: Grupo de Hilos 1-16 
2016/01/14 13:06:31 INFO  - jmeter.threads.JMeterThread: Thread started: Grupo de Hilos 1-17 
2016/01/14 13:06:31 INFO  - jmeter.threads.JMeterThread: Thread started: Grupo de Hilos 1-18 
2016/01/14 13:06:31 INFO  - jmeter.threads.JMeterThread: Thread started: Grupo de Hilos 1-19 
2016/01/14 13:06:31 INFO  - jmeter.threads.JMeterThread: Thread started: Grupo de Hilos 1-20 
2016/01/14 13:06:31 INFO  - jmeter.threads.JMeterThread: Thread started: Grupo de Hilos 1-21 
2016/01/14 13:06:31 INFO  - jmeter.threads.JMeterThread: Thread started: Grupo de Hilos 1-22 
2016/01/14 13:06:31 INFO  - jmeter.threads.JMeterThread: Thread started: Grupo de Hilos 1-23 
2016/01/14 13:06:31 INFO  - jmeter.threads.JMeterThread: Thread started: Grupo de Hilos 1-24 
2016/01/14 13:06:31 INFO  - jmeter.threads.JMeterThread: Thread started: Grupo de Hilos 1-25 
2016/01/14 13:06:31 INFO  - jmeter.threads.JMeterThread: Thread started: Grupo de Hilos 1-26 
2016/01/14 13:06:31 INFO  - jmeter.threads.JMeterThread: Thread started: Grupo de Hilos 1-27 
2016/01/14 13:06:32 INFO  - jmeter.threads.JMeterThread: Thread started: Grupo de Hilos 1-28 
2016/01/14 13:06:32 INFO  - jmeter.threads.JMeterThread: Thread started: Grupo de Hilos 1-29 
2016/01/14 13:06:32 INFO  - jmeter.threads.JMeterThread: Thread started: Grupo de Hilos 1-30 
2016/01/14 13:06:32 INFO  - jmeter.threads.JMeterThread: Thread started: Grupo de Hilos 1-31 
2016/01/14 13:06:32 INFO  - jmeter.threads.JMeterThread: Thread started: Grupo de Hilos 1-32 
2016/01/14 13:06:32 INFO  - jmeter.threads.JMeterThread: Thread started: Grupo de Hilos 1-33 
2016/01/14 13:06:32 INFO  - jmeter.threads.JMeterThread: Thread started: Grupo de Hilos 1-34 
2016/01/14 13:06:32 INFO  - jmeter.threads.JMeterThread: Thread started: Grupo de Hilos 1-35 
2016/01/14 13:06:32 INFO  - jmeter.threads.JMeterThread: Thread started: Grupo de Hilos 1-36 
2016/01/14 13:06:32 INFO  - jmeter.threads.JMeterThread: Thread started: Grupo de Hilos 1-37 
2016/01/14 13:06:32 INFO  - jmeter.threads.JMeterThread: Thread started: Grupo de Hilos 1-38 
2016/01/14 13:06:32 INFO  - jmeter.threads.JMeterThread: Thread started: Grupo de Hilos 1-39 
2016/01/14 13:06:32 INFO  - jmeter.threads.JMeterThread: Thread started: Grupo de Hilos 1-40 
2016/01/14 13:06:32 INFO  - jmeter.threads.JMeterThread: Thread started: Grupo de Hilos 1-41 
2016/01/14 13:06:32 INFO  - jmeter.threads.JMeterThread: Thread started: Grupo de Hilos 1-42 
2016/01/14 13:06:32 INFO  - jmeter.threads.JMeterThread: Thread started: Grupo de Hilos 1-43 
2016/01/14 13:06:32 INFO  - jmeter.threads.JMeterThread: Thread started: Grupo de Hilos 1-44 
2016/01/14 13:06:32 INFO  - jmeter.threads.JMeterThread: Thread started: Grupo de Hilos 1-45 
2016/01/14 13:06:32 INFO  - jmeter.threads.JMeterThread: Thread started: Grupo de Hilos 1-46 
2016/01/14 13:06:32 INFO  - jmeter.threads.JMeterThread: Thread started: Grupo de Hilos 1-47 
2016/01/14 13:06:32 INFO  - jmeter.threads.JMeterThread: Thread started: Grupo de Hilos 1-48 
2016/01/14 13:06:32 INFO  - jmeter.threads.JMeterThread: Thread started: Grupo de Hilos 1-49 
2016/01/14 13:06:32 INFO  - jmeter.threads.JMeterThread: Thread started: Grupo de Hilos 1-50 
2016/01/14 13:06:32 INFO  - jmeter.threads.JMeterThread: Thread started: Grupo de Hilos 1-51 
2016/01/14 13:06:32 INFO  - jmeter.threads.JMeterThread: Thread started: Grupo de Hilos 1-52 
2016/01/14 13:06:32 INFO  - jmeter.threads.JMeterThread: Thread started: Grupo de Hilos 1-53 
2016/01/14 13:06:32 INFO  - jmeter.threads.JMeterThread: Thread started: Grupo de Hilos 1-54 
2016/01/14 13:06:32 INFO  - jmeter.threads.JMeterThread: Thread started: Grupo de Hilos 1-55 
2016/01/14 13:06:32 INFO  - jmeter.threads.JMeterThread: Thread started: Grupo de Hilos 1-56 
2016/01/14 13:06:33 INFO  - jmeter.threads.JMeterThread: Thread started: Grupo de Hilos 1-57 
2016/01/14 13:06:33 INFO  - jmeter.threads.JMeterThread: Thread started: Grupo de Hilos 1-58 
2016/01/14 13:06:33 INFO  - jmeter.threads.JMeterThread: Thread started: Grupo de Hilos 1-59 
2016/01/14 13:06:33 INFO  - jmeter.threads.JMeterThread: Thread started: Grupo de Hilos 1-60 
2016/01/14 13:06:33 INFO  - jmeter.threads.JMeterThread: Thread started: Grupo de Hilos 1-61 
2016/01/14 13:06:33 INFO  - jmeter.threads.JMeterThread: Thread started: Grupo de Hilos 1-62 
2016/01/14 13:06:33 INFO  - jmeter.threads.JMeterThread: Thread started: Grupo de Hilos 1-63 
2016/01/14 13:06:33 INFO  - jmeter.threads.JMeterThread: Thread started: Grupo de Hilos 1-64 
2016/01/14 13:06:33 INFO  - jmeter.threads.JMeterThread: Thread started: Grupo de Hilos 1-65 
2016/01/14 13:06:33 INFO  - jmeter.threads.JMeterThread: Thread started: Grupo de Hilos 1-66 
2016/01/14 13:06:33 INFO  - jmeter.threads.JMeterThread: Thread started: Grupo de Hilos 1-67 
2016/01/14 13:06:33 INFO  - jmeter.threads.JMeterThread: Thread started: Grupo de Hilos 1-68 
2016/01/14 13:06:33 INFO  - jmeter.threads.JMeterThread: Thread started: Grupo de Hilos 1-69 
2016/01/14 13:06:33 INFO  - jmeter.threads.JMeterThread: Thread started: Grupo de Hilos 1-70 
2016/01/14 13:06:33 INFO  - jmeter.threads.JMeterThread: Thread started: Grupo de Hilos 1-71 
2016/01/14 13:06:33 INFO  - jmeter.threads.JMeterThread: Thread started: Grupo de Hilos 1-72 
2016/01/14 13:06:33 INFO  - jmeter.threads.JMeterThread: Thread started: Grupo de Hilos 1-73 
2016/01/14 13:06:33 INFO  - jmeter.threads.JMeterThread: Thread started: Grupo de Hilos 1-74 
2016/01/14 13:06:33 INFO  - jmeter.threads.JMeterThread: Thread started: Grupo de Hilos 1-75 
2016/01/14 13:06:33 INFO  - jmeter.threads.JMeterThread: Thread started: Grupo de Hilos 1-76 
2016/01/14 13:06:33 INFO  - jmeter.threads.JMeterThread: Thread started: Grupo de Hilos 1-77 
2016/01/14 13:06:33 INFO  - jmeter.threads.JMeterThread: Thread started: Grupo de Hilos 1-78 
2016/01/14 13:06:33 INFO  - jmeter.threads.JMeterThread: Thread started: Grupo de Hilos 1-79 
2016/01/14 13:06:34 INFO  - jmeter.threads.JMeterThread: Thread started: Grupo de Hilos 1-80 
2016/01/14 13:06:34 INFO  - jmeter.threads.JMeterThread: Thread started: Grupo de Hilos 1-81 
2016/01/14 13:06:34 INFO  - jmeter.threads.JMeterThread: Thread started: Grupo de Hilos 1-82 
2016/01/14 13:06:34 INFO  - jmeter.threads.JMeterThread: Thread started: Grupo de Hilos 1-83 
2016/01/14 13:06:34 INFO  - jmeter.threads.JMeterThread: Thread started: Grupo de Hilos 1-84 
2016/01/14 13:06:34 INFO  - jmeter.threads.JMeterThread: Thread started: Grupo de Hilos 1-85 
2016/01/14 13:06:34 INFO  - jmeter.threads.JMeterThread: Thread started: Grupo de Hilos 1-86 
2016/01/14 13:06:34 INFO  - jmeter.threads.JMeterThread: Thread started: Grupo de Hilos 1-87 
2016/01/14 13:06:34 INFO  - jmeter.threads.JMeterThread: Thread started: Grupo de Hilos 1-88 
2016/01/14 13:06:34 INFO  - jmeter.threads.JMeterThread: Thread started: Grupo de Hilos 1-89 
2016/01/14 13:06:34 INFO  - jmeter.threads.JMeterThread: Thread started: Grupo de Hilos 1-90 
2016/01/14 13:06:34 INFO  - jmeter.threads.JMeterThread: Thread started: Grupo de Hilos 1-91 
2016/01/14 13:06:34 INFO  - jmeter.threads.JMeterThread: Thread started: Grupo de Hilos 1-92 
2016/01/14 13:06:34 INFO  - jmeter.threads.JMeterThread: Thread started: Grupo de Hilos 1-93 
2016/01/14 13:06:34 INFO  - jmeter.threads.JMeterThread: Thread started: Grupo de Hilos 1-94 
2016/01/14 13:06:34 INFO  - jmeter.threads.JMeterThread: Thread started: Grupo de Hilos 1-95 
2016/01/14 13:06:34 INFO  - jmeter.gui.action.Start: Shutting test down 
2016/01/14 13:06:34 INFO  - jmeter.threads.JMeterThread: Thread started: Grupo de Hilos 1-96 
2016/01/14 13:06:34 INFO  - jmeter.threads.JMeterThread: Thread started: Grupo de Hilos 1-97 
2016/01/14 13:06:34 INFO  - jmeter.threads.JMeterThread: Thread started: Grupo de Hilos 1-98 
2016/01/14 13:06:34 INFO  - jmeter.threads.JMeterThread: Stopping: Grupo de Hilos 1-50 
2016/01/14 13:06:34 INFO  - jmeter.threads.JMeterThread: Stopping: Grupo de Hilos 1-63 
2016/01/14 13:06:34 INFO  - jmeter.threads.JMeterThread: Stopping: Grupo de Hilos 1-26 
2016/01/14 13:06:34 INFO  - jmeter.threads.JMeterThread: Stopping: Grupo de Hilos 1-34 
2016/01/14 13:06:34 INFO  - jmeter.threads.JMeterThread: Stopping: Grupo de Hilos 1-91 
2016/01/14 13:06:34 INFO  - jmeter.threads.JMeterThread: Stopping: Grupo de Hilos 1-80 
2016/01/14 13:06:34 INFO  - jmeter.threads.JMeterThread: Stopping: Grupo de Hilos 1-58 
2016/01/14 13:06:34 INFO  - jmeter.threads.JMeterThread: Stopping: Grupo de Hilos 1-81 
2016/01/14 13:06:34 INFO  - jmeter.threads.JMeterThread: Stopping: Grupo de Hilos 1-67 
2016/01/14 13:06:34 INFO  - jmeter.threads.JMeterThread: Stopping: Grupo de Hilos 1-77 
2016/01/14 13:06:34 INFO  - jmeter.threads.JMeterThread: Stopping: Grupo de Hilos 1-51 
2016/01/14 13:06:34 INFO  - jmeter.threads.JMeterThread: Stopping: Grupo de Hilos 1-78 
2016/01/14 13:06:34 INFO  - jmeter.threads.JMeterThread: Stopping: Grupo de Hilos 1-85 
2016/01/14 13:06:34 INFO  - jmeter.threads.JMeterThread: Stopping: Grupo de Hilos 1-70 
2016/01/14 13:06:34 INFO  - jmeter.threads.JMeterThread: Stopping: Grupo de Hilos 1-3 
2016/01/14 13:06:34 INFO  - jmeter.threads.JMeterThread: Stopping: Grupo de Hilos 1-49 
2016/01/14 13:06:34 INFO  - jmeter.threads.JMeterThread: Stopping: Grupo de Hilos 1-5 
2016/01/14 13:06:34 INFO  - jmeter.threads.JMeterThread: Stopping: Grupo de Hilos 1-7 
2016/01/14 13:06:34 INFO  - jmeter.threads.JMeterThread: Stopping: Grupo de Hilos 1-37 
2016/01/14 13:06:34 INFO  - jmeter.threads.JMeterThread: Stopping: Grupo de Hilos 1-55 
2016/01/14 13:06:34 INFO  - jmeter.threads.JMeterThread: Stopping: Grupo de Hilos 1-52 
2016/01/14 13:06:34 INFO  - jmeter.threads.JMeterThread: Stopping: Grupo de Hilos 1-1 
2016/01/14 13:06:34 INFO  - jmeter.threads.JMeterThread: Stopping: Grupo de Hilos 1-38 
2016/01/14 13:06:34 INFO  - jmeter.threads.JMeterThread: Stopping: Grupo de Hilos 1-73 
2016/01/14 13:06:34 INFO  - jmeter.threads.JMeterThread: Stopping: Grupo de Hilos 1-20 
2016/01/14 13:06:34 INFO  - jmeter.threads.JMeterThread: Stopping: Grupo de Hilos 1-43 
2016/01/14 13:06:34 INFO  - jmeter.threads.JMeterThread: Stopping: Grupo de Hilos 1-66 
2016/01/14 13:06:34 INFO  - jmeter.threads.JMeterThread: Stopping: Grupo de Hilos 1-79 
2016/01/14 13:06:34 INFO  - jmeter.threads.JMeterThread: Stopping: Grupo de Hilos 1-42 
2016/01/14 13:06:34 INFO  - jmeter.threads.JMeterThread: Stopping: Grupo de Hilos 1-31 
2016/01/14 13:06:34 INFO  - jmeter.threads.JMeterThread: Stopping: Grupo de Hilos 1-40 
2016/01/14 13:06:34 INFO  - jmeter.threads.JMeterThread: Stopping: Grupo de Hilos 1-87 
2016/01/14 13:06:34 INFO  - jmeter.threads.JMeterThread: Stopping: Grupo de Hilos 1-45 
2016/01/14 13:06:34 INFO  - jmeter.threads.JMeterThread: Stopping: Grupo de Hilos 1-4 
2016/01/14 13:06:34 INFO  - jmeter.threads.JMeterThread: Stopping: Grupo de Hilos 1-21 
2016/01/14 13:06:34 INFO  - jmeter.threads.JMeterThread: Stopping: Grupo de Hilos 1-15 
2016/01/14 13:06:34 INFO  - jmeter.threads.JMeterThread: Stopping: Grupo de Hilos 1-99 
2016/01/14 13:06:34 INFO  - jmeter.threads.JMeterThread: Stopping: Grupo de Hilos 1-12 
2016/01/14 13:06:34 INFO  - jmeter.threads.JMeterThread: Stopping: Grupo de Hilos 1-39 
2016/01/14 13:06:34 INFO  - jmeter.threads.JMeterThread: Stopping: Grupo de Hilos 1-56 
2016/01/14 13:06:34 INFO  - jmeter.threads.JMeterThread: Stopping: Grupo de Hilos 1-28 
2016/01/14 13:06:34 INFO  - jmeter.threads.JMeterThread: Stopping: Grupo de Hilos 1-8 
2016/01/14 13:06:34 INFO  - jmeter.threads.JMeterThread: Stopping: Grupo de Hilos 1-46 
2016/01/14 13:06:34 INFO  - jmeter.threads.JMeterThread: Stopping: Grupo de Hilos 1-89 
2016/01/14 13:06:34 INFO  - jmeter.threads.JMeterThread: Stopping: Grupo de Hilos 1-92 
2016/01/14 13:06:34 INFO  - jmeter.threads.JMeterThread: Stopping: Grupo de Hilos 1-22 
2016/01/14 13:06:34 INFO  - jmeter.threads.JMeterThread: Stopping: Grupo de Hilos 1-30 
2016/01/14 13:06:34 INFO  - jmeter.threads.JMeterThread: Stopping: Grupo de Hilos 1-53 
2016/01/14 13:06:34 INFO  - jmeter.threads.JMeterThread: Stopping: Grupo de Hilos 1-57 
2016/01/14 13:06:34 INFO  - jmeter.threads.JMeterThread: Stopping: Grupo de Hilos 1-44 
2016/01/14 13:06:34 INFO  - jmeter.threads.JMeterThread: Stopping: Grupo de Hilos 1-95 
2016/01/14 13:06:34 INFO  - jmeter.threads.JMeterThread: Stopping: Grupo de Hilos 1-84 
2016/01/14 13:06:34 INFO  - jmeter.threads.JMeterThread: Stopping: Grupo de Hilos 1-19 
2016/01/14 13:06:34 INFO  - jmeter.threads.JMeterThread: Stopping: Grupo de Hilos 1-97 
2016/01/14 13:06:34 INFO  - jmeter.threads.JMeterThread: Stopping: Grupo de Hilos 1-68 
2016/01/14 13:06:34 INFO  - jmeter.threads.JMeterThread: Stopping: Grupo de Hilos 1-54 
2016/01/14 13:06:34 INFO  - jmeter.threads.JMeterThread: Stopping: Grupo de Hilos 1-13 
2016/01/14 13:06:34 INFO  - jmeter.threads.JMeterThread: Stopping: Grupo de Hilos 1-86 
2016/01/14 13:06:34 INFO  - jmeter.threads.JMeterThread: Stopping: Grupo de Hilos 1-18 
2016/01/14 13:06:34 INFO  - jmeter.threads.JMeterThread: Stopping: Grupo de Hilos 1-93 
2016/01/14 13:06:34 INFO  - jmeter.threads.JMeterThread: Stopping: Grupo de Hilos 1-61 
2016/01/14 13:06:34 INFO  - jmeter.threads.JMeterThread: Stopping: Grupo de Hilos 1-9 
2016/01/14 13:06:34 INFO  - jmeter.threads.JMeterThread: Stopping: Grupo de Hilos 1-29 
2016/01/14 13:06:34 INFO  - jmeter.threads.JMeterThread: Stopping: Grupo de Hilos 1-90 
2016/01/14 13:06:34 INFO  - jmeter.threads.JMeterThread: Stopping: Grupo de Hilos 1-74 
2016/01/14 13:06:34 INFO  - jmeter.threads.JMeterThread: Stopping: Grupo de Hilos 1-60 
2016/01/14 13:06:34 INFO  - jmeter.threads.JMeterThread: Stopping: Grupo de Hilos 1-71 
2016/01/14 13:06:34 INFO  - jmeter.threads.JMeterThread: Stopping: Grupo de Hilos 1-14 
2016/01/14 13:06:34 INFO  - jmeter.threads.JMeterThread: Stopping: Grupo de Hilos 1-16 
2016/01/14 13:06:34 INFO  - jmeter.threads.JMeterThread: Stopping: Grupo de Hilos 1-2 
2016/01/14 13:06:34 INFO  - jmeter.threads.JMeterThread: Stopping: Grupo de Hilos 1-35 
2016/01/14 13:06:34 INFO  - jmeter.threads.JMeterThread: Stopping: Grupo de Hilos 1-47 
2016/01/14 13:06:34 INFO  - jmeter.threads.JMeterThread: Stopping: Grupo de Hilos 1-33 
2016/01/14 13:06:34 INFO  - jmeter.threads.JMeterThread: Stopping: Grupo de Hilos 1-96 
2016/01/14 13:06:34 INFO  - jmeter.threads.JMeterThread: Stopping: Grupo de Hilos 1-17 
2016/01/14 13:06:34 INFO  - jmeter.threads.JMeterThread: Stopping: Grupo de Hilos 1-25 
2016/01/14 13:06:34 INFO  - jmeter.threads.JMeterThread: Stopping: Grupo de Hilos 1-59 
2016/01/14 13:06:34 INFO  - jmeter.threads.JMeterThread: Stopping: Grupo de Hilos 1-69 
2016/01/14 13:06:34 INFO  - jmeter.threads.JMeterThread: Stopping: Grupo de Hilos 1-76 
2016/01/14 13:06:34 INFO  - jmeter.threads.JMeterThread: Stopping: Grupo de Hilos 1-10 
2016/01/14 13:06:34 INFO  - jmeter.threads.JMeterThread: Stopping: Grupo de Hilos 1-27 
2016/01/14 13:06:34 INFO  - jmeter.threads.JMeterThread: Stopping: Grupo de Hilos 1-36 
2016/01/14 13:06:34 INFO  - jmeter.threads.JMeterThread: Stopping: Grupo de Hilos 1-82 
2016/01/14 13:06:34 INFO  - jmeter.threads.JMeterThread: Stopping: Grupo de Hilos 1-62 
2016/01/14 13:06:34 INFO  - jmeter.threads.JMeterThread: Stopping: Grupo de Hilos 1-88 
2016/01/14 13:06:34 INFO  - jmeter.threads.JMeterThread: Stopping: Grupo de Hilos 1-11 
2016/01/14 13:06:34 INFO  - jmeter.threads.JMeterThread: Stopping: Grupo de Hilos 1-65 
2016/01/14 13:06:34 INFO  - jmeter.threads.JMeterThread: Stopping: Grupo de Hilos 1-98 
2016/01/14 13:06:34 INFO  - jmeter.threads.JMeterThread: Stopping: Grupo de Hilos 1-72 
2016/01/14 13:06:34 INFO  - jmeter.threads.JMeterThread: Stopping: Grupo de Hilos 1-23 
2016/01/14 13:06:34 INFO  - jmeter.threads.JMeterThread: Stopping: Grupo de Hilos 1-24 
2016/01/14 13:06:34 INFO  - jmeter.threads.JMeterThread: Stopping: Grupo de Hilos 1-41 
2016/01/14 13:06:34 INFO  - jmeter.threads.JMeterThread: Stopping: Grupo de Hilos 1-48 
2016/01/14 13:06:34 INFO  - jmeter.threads.JMeterThread: Stopping: Grupo de Hilos 1-75 
2016/01/14 13:06:34 INFO  - jmeter.threads.JMeterThread: Stopping: Grupo de Hilos 1-64 
2016/01/14 13:06:34 INFO  - jmeter.threads.JMeterThread: Stopping: Grupo de Hilos 1-94 
2016/01/14 13:06:34 INFO  - jmeter.threads.JMeterThread: Stopping: Grupo de Hilos 1-6 
2016/01/14 13:06:34 INFO  - jmeter.threads.JMeterThread: Stopping: Grupo de Hilos 1-83 
2016/01/14 13:06:34 INFO  - jmeter.threads.JMeterThread: Stopping: Grupo de Hilos 1-32 
2016/01/14 13:06:34 INFO  - jmeter.threads.ThreadGroup: Started thread group number 1 
2016/01/14 13:06:34 INFO  - jmeter.engine.StandardJMeterEngine: Test stopped - no more thread groups will be started 
2016/01/14 13:06:34 INFO  - jmeter.threads.JMeterThread: Thread started: Grupo de Hilos 1-99 
2016/01/14 13:06:34 INFO  - jmeter.threads.JMeterThread: Thread finished: Grupo de Hilos 1-99 
2016/01/14 13:06:34 INFO  - jmeter.threads.JMeterThread: Thread finished: Grupo de Hilos 1-24 
2016/01/14 13:06:34 INFO  - jmeter.threads.JMeterThread: Thread finished: Grupo de Hilos 1-19 
2016/01/14 13:06:34 INFO  - jmeter.threads.JMeterThread: Thread finished: Grupo de Hilos 1-61 
2016/01/14 13:06:34 INFO  - jmeter.threads.JMeterThread: Thread finished: Grupo de Hilos 1-74 
2016/01/14 13:06:34 INFO  - jmeter.threads.JMeterThread: Thread finished: Grupo de Hilos 1-13 
2016/01/14 13:06:34 INFO  - jmeter.threads.JMeterThread: Thread finished: Grupo de Hilos 1-8 
2016/01/14 13:06:34 INFO  - jmeter.threads.JMeterThread: Thread finished: Grupo de Hilos 1-28 
2016/01/14 13:06:34 INFO  - jmeter.threads.JMeterThread: Thread finished: Grupo de Hilos 1-45 
2016/01/14 13:06:34 INFO  - jmeter.threads.JMeterThread: Thread finished: Grupo de Hilos 1-11 
2016/01/14 13:06:34 INFO  - jmeter.threads.JMeterThread: Thread finished: Grupo de Hilos 1-5 
2016/01/14 13:06:34 INFO  - jmeter.threads.JMeterThread: Thread finished: Grupo de Hilos 1-20 
2016/01/14 13:06:34 INFO  - jmeter.threads.JMeterThread: Thread finished: Grupo de Hilos 1-57 
2016/01/14 13:06:34 INFO  - jmeter.threads.JMeterThread: Thread finished: Grupo de Hilos 1-17 
2016/01/14 13:06:34 INFO  - jmeter.threads.JMeterThread: Thread finished: Grupo de Hilos 1-30 
2016/01/14 13:06:34 INFO  - jmeter.threads.JMeterThread: Thread finished: Grupo de Hilos 1-84 
2016/01/14 13:06:34 INFO  - jmeter.threads.JMeterThread: Thread finished: Grupo de Hilos 1-68 
2016/01/14 13:06:34 INFO  - jmeter.threads.JMeterThread: Thread finished: Grupo de Hilos 1-85 
2016/01/14 13:06:34 INFO  - jmeter.threads.JMeterThread: Thread finished: Grupo de Hilos 1-47 
2016/01/14 13:06:34 INFO  - jmeter.threads.JMeterThread: Thread finished: Grupo de Hilos 1-3 
2016/01/14 13:06:34 INFO  - jmeter.threads.JMeterThread: Thread finished: Grupo de Hilos 1-12 
2016/01/14 13:06:34 INFO  - jmeter.threads.JMeterThread: Thread finished: Grupo de Hilos 1-6 
2016/01/14 13:06:34 INFO  - jmeter.threads.JMeterThread: Thread finished: Grupo de Hilos 1-1 
2016/01/14 13:06:34 INFO  - jmeter.threads.JMeterThread: Thread finished: Grupo de Hilos 1-34 
2016/01/14 13:06:34 INFO  - jmeter.threads.JMeterThread: Thread finished: Grupo de Hilos 1-7 
2016/01/14 13:06:34 INFO  - jmeter.threads.JMeterThread: Thread finished: Grupo de Hilos 1-31 
2016/01/14 13:06:34 INFO  - jmeter.threads.JMeterThread: Thread finished: Grupo de Hilos 1-62 
2016/01/14 13:06:34 INFO  - jmeter.threads.JMeterThread: Thread finished: Grupo de Hilos 1-29 
2016/01/14 13:06:34 INFO  - jmeter.threads.JMeterThread: Thread finished: Grupo de Hilos 1-48 
2016/01/14 13:06:34 INFO  - jmeter.threads.JMeterThread: Thread finished: Grupo de Hilos 1-16 
2016/01/14 13:06:34 INFO  - jmeter.threads.JMeterThread: Thread finished: Grupo de Hilos 1-88 
2016/01/14 13:06:34 INFO  - jmeter.threads.JMeterThread: Thread finished: Grupo de Hilos 1-87 
2016/01/14 13:06:35 INFO  - jmeter.threads.JMeterThread: Thread finished: Grupo de Hilos 1-33 
2016/01/14 13:06:35 INFO  - jmeter.threads.JMeterThread: Thread finished: Grupo de Hilos 1-89 
2016/01/14 13:06:35 INFO  - jmeter.threads.JMeterThread: Thread finished: Grupo de Hilos 1-36 
2016/01/14 13:06:35 INFO  - jmeter.threads.JMeterThread: Thread finished: Grupo de Hilos 1-53 
2016/01/14 13:06:35 INFO  - jmeter.threads.JMeterThread: Thread finished: Grupo de Hilos 1-90 
2016/01/14 13:06:35 INFO  - jmeter.threads.JMeterThread: Thread finished: Grupo de Hilos 1-9 
2016/01/14 13:06:35 INFO  - jmeter.threads.JMeterThread: Thread finished: Grupo de Hilos 1-38 
2016/01/14 13:06:35 INFO  - jmeter.threads.JMeterThread: Thread finished: Grupo de Hilos 1-49 
2016/01/14 13:06:35 INFO  - jmeter.threads.JMeterThread: Thread finished: Grupo de Hilos 1-35 
2016/01/14 13:06:35 INFO  - jmeter.threads.JMeterThread: Thread finished: Grupo de Hilos 1-46 
2016/01/14 13:06:35 INFO  - jmeter.threads.JMeterThread: Thread finished: Grupo de Hilos 1-77 
2016/01/14 13:06:35 INFO  - jmeter.threads.JMeterThread: Thread finished: Grupo de Hilos 1-78 
2016/01/14 13:06:35 INFO  - jmeter.threads.JMeterThread: Thread finished: Grupo de Hilos 1-76 
2016/01/14 13:06:35 INFO  - jmeter.threads.JMeterThread: Thread finished: Grupo de Hilos 1-39 
2016/01/14 13:06:35 INFO  - jmeter.threads.JMeterThread: Thread finished: Grupo de Hilos 1-41 
2016/01/14 13:06:35 INFO  - jmeter.threads.JMeterThread: Thread finished: Grupo de Hilos 1-63 
2016/01/14 13:06:35 INFO  - jmeter.threads.JMeterThread: Thread finished: Grupo de Hilos 1-55 
2016/01/14 13:06:35 INFO  - jmeter.threads.JMeterThread: Thread finished: Grupo de Hilos 1-91 
2016/01/14 13:06:35 INFO  - jmeter.threads.JMeterThread: Thread finished: Grupo de Hilos 1-67 
2016/01/14 13:06:35 INFO  - jmeter.threads.JMeterThread: Thread finished: Grupo de Hilos 1-66 
2016/01/14 13:06:35 INFO  - jmeter.threads.JMeterThread: Thread finished: Grupo de Hilos 1-92 
2016/01/14 13:06:35 INFO  - jmeter.threads.JMeterThread: Thread finished: Grupo de Hilos 1-42 
2016/01/14 13:06:35 INFO  - jmeter.threads.JMeterThread: Thread finished: Grupo de Hilos 1-52 
2016/01/14 13:06:35 INFO  - jmeter.threads.JMeterThread: Thread finished: Grupo de Hilos 1-93 
2016/01/14 13:06:35 INFO  - jmeter.threads.JMeterThread: Thread finished: Grupo de Hilos 1-14 
2016/01/14 13:06:35 INFO  - jmeter.threads.JMeterThread: Thread finished: Grupo de Hilos 1-96 
2016/01/14 13:06:35 INFO  - jmeter.threads.JMeterThread: Thread finished: Grupo de Hilos 1-10 
2016/01/14 13:06:35 INFO  - jmeter.threads.JMeterThread: Thread finished: Grupo de Hilos 1-97 
2016/01/14 13:06:35 INFO  - jmeter.threads.JMeterThread: Thread finished: Grupo de Hilos 1-95 
2016/01/14 13:06:35 INFO  - jmeter.threads.JMeterThread: Thread finished: Grupo de Hilos 1-60 
2016/01/14 13:06:35 INFO  - jmeter.threads.JMeterThread: Thread finished: Grupo de Hilos 1-71 
2016/01/14 13:06:35 INFO  - jmeter.threads.JMeterThread: Thread finished: Grupo de Hilos 1-94 
2016/01/14 13:06:35 INFO  - jmeter.threads.JMeterThread: Thread finished: Grupo de Hilos 1-22 
2016/01/14 13:06:35 INFO  - jmeter.threads.JMeterThread: Thread finished: Grupo de Hilos 1-72 
2016/01/14 13:06:35 INFO  - jmeter.threads.JMeterThread: Thread finished: Grupo de Hilos 1-2 
2016/01/14 13:06:35 INFO  - jmeter.threads.JMeterThread: Thread finished: Grupo de Hilos 1-26 
2016/01/14 13:06:35 INFO  - jmeter.threads.JMeterThread: Thread finished: Grupo de Hilos 1-73 
2016/01/14 13:06:35 INFO  - jmeter.threads.JMeterThread: Thread finished: Grupo de Hilos 1-23 
2016/01/14 13:06:35 INFO  - jmeter.threads.JMeterThread: Thread finished: Grupo de Hilos 1-25 
2016/01/14 13:06:35 INFO  - jmeter.threads.JMeterThread: Thread finished: Grupo de Hilos 1-58 
2016/01/14 13:06:35 INFO  - jmeter.threads.JMeterThread: Thread finished: Grupo de Hilos 1-59 
2016/01/14 13:06:35 INFO  - jmeter.threads.JMeterThread: Thread finished: Grupo de Hilos 1-69 
2016/01/14 13:06:35 INFO  - jmeter.threads.JMeterThread: Thread finished: Grupo de Hilos 1-44 
2016/01/14 13:06:35 INFO  - jmeter.threads.JMeterThread: Thread finished: Grupo de Hilos 1-83 
2016/01/14 13:06:35 INFO  - jmeter.threads.JMeterThread: Thread finished: Grupo de Hilos 1-98 
2016/01/14 13:06:35 INFO  - jmeter.threads.JMeterThread: Thread finished: Grupo de Hilos 1-18 
2016/01/14 13:06:35 INFO  - jmeter.threads.JMeterThread: Thread finished: Grupo de Hilos 1-75 
2016/01/14 13:06:35 INFO  - jmeter.threads.JMeterThread: Thread finished: Grupo de Hilos 1-27 
2016/01/14 13:06:35 INFO  - jmeter.threads.JMeterThread: Thread finished: Grupo de Hilos 1-4 
2016/01/14 13:06:35 INFO  - jmeter.threads.JMeterThread: Thread finished: Grupo de Hilos 1-50 
2016/01/14 13:06:35 INFO  - jmeter.threads.JMeterThread: Thread finished: Grupo de Hilos 1-32 
2016/01/14 13:06:35 INFO  - jmeter.threads.JMeterThread: Thread finished: Grupo de Hilos 1-51 
2016/01/14 13:06:35 INFO  - jmeter.threads.JMeterThread: Thread finished: Grupo de Hilos 1-64 
2016/01/14 13:06:35 INFO  - jmeter.threads.JMeterThread: Thread finished: Grupo de Hilos 1-37 
2016/01/14 13:06:35 INFO  - jmeter.threads.JMeterThread: Thread finished: Grupo de Hilos 1-56 
2016/01/14 13:06:35 INFO  - jmeter.threads.JMeterThread: Thread finished: Grupo de Hilos 1-70 
2016/01/14 13:06:35 INFO  - jmeter.threads.JMeterThread: Thread finished: Grupo de Hilos 1-54 
2016/01/14 13:06:35 INFO  - jmeter.threads.JMeterThread: Thread finished: Grupo de Hilos 1-40 
2016/01/14 13:06:35 INFO  - jmeter.threads.JMeterThread: Thread finished: Grupo de Hilos 1-43 
2016/01/14 13:06:35 INFO  - jmeter.threads.JMeterThread: Thread finished: Grupo de Hilos 1-79 
2016/01/14 13:06:35 INFO  - jmeter.threads.JMeterThread: Thread finished: Grupo de Hilos 1-80 
2016/01/14 13:06:35 INFO  - jmeter.threads.JMeterThread: Thread finished: Grupo de Hilos 1-81 
2016/01/14 13:06:35 INFO  - jmeter.threads.JMeterThread: Thread finished: Grupo de Hilos 1-82 
2016/01/14 13:06:35 INFO  - jmeter.threads.JMeterThread: Thread finished: Grupo de Hilos 1-21 
2016/01/14 13:06:35 INFO  - jmeter.threads.JMeterThread: Thread finished: Grupo de Hilos 1-15 
2016/01/14 13:06:35 INFO  - jmeter.threads.JMeterThread: Thread finished: Grupo de Hilos 1-86 
2016/01/14 13:06:35 INFO  - jmeter.threads.JMeterThread: Thread finished: Grupo de Hilos 1-65 
2016/01/14 13:06:35 INFO  - jmeter.engine.StandardJMeterEngine: Notifying test listeners of end of test 
2016/01/14 13:06:35 INFO  - jmeter.gui.util.JMeterMenuBar: setRunning(false,*local*) 
